E:\CODE_22\20180206\最大幸运数\DEBUG\MAIN.OBJ
E:\CODE_22\20180206\最大幸运数\DEBUG\VC110.PDB
E:\CODE_22\20180206\DEBUG\最大幸运数.ILK
E:\CODE_22\20180206\DEBUG\最大幸运数.EXE
E:\CODE_22\20180206\DEBUG\最大幸运数.PDB
E:\CODE_22\20180206\最大幸运数\Debug\main.obj
E:\CODE_22\20180206\最大幸运数\Debug\cl.command.1.tlog
E:\CODE_22\20180206\最大幸运数\Debug\CL.read.1.tlog
E:\CODE_22\20180206\最大幸运数\Debug\CL.write.1.tlog
E:\CODE_22\20180206\最大幸运数\Debug\link-cvtres.read.1.tlog
E:\CODE_22\20180206\最大幸运数\Debug\link-cvtres.write.1.tlog
E:\CODE_22\20180206\最大幸运数\Debug\link-rc.read.1.tlog
E:\CODE_22\20180206\最大幸运数\Debug\link-rc.write.1.tlog
E:\CODE_22\20180206\最大幸运数\Debug\link.command.1.tlog
E:\CODE_22\20180206\最大幸运数\Debug\link.read.1.tlog
E:\CODE_22\20180206\最大幸运数\Debug\link.write.1.tlog
E:\CODE_22\20180206\最大幸运数\Debug\vc110.idb
E:\CODE_22\20180206\最大幸运数\Debug\vc110.pdb
E:\CODE_22\20180206\Debug\最大幸运数.pdb
E:\CODE_22\20180206\Debug\最大幸运数.exe
E:\CODE_22\20180206\Debug\最大幸运数.ilk
