E:\CODE_22\20180206\贪心\DEBUG\MAIN.OBJ
E:\CODE_22\20180206\贪心\DEBUG\VC110.PDB
E:\CODE_22\20180206\DEBUG\买东西.ILK
E:\CODE_22\20180206\DEBUG\买东西.EXE
E:\CODE_22\20180206\DEBUG\买东西.PDB
E:\CODE_22\20180206\贪心\Debug\main.obj
E:\CODE_22\20180206\贪心\Debug\cl.command.1.tlog
E:\CODE_22\20180206\贪心\Debug\CL.read.1.tlog
E:\CODE_22\20180206\贪心\Debug\CL.write.1.tlog
E:\CODE_22\20180206\贪心\Debug\link-cvtres.read.1.tlog
E:\CODE_22\20180206\贪心\Debug\link-cvtres.write.1.tlog
E:\CODE_22\20180206\贪心\Debug\link-rc.read.1.tlog
E:\CODE_22\20180206\贪心\Debug\link-rc.write.1.tlog
E:\CODE_22\20180206\贪心\Debug\link.command.1.tlog
E:\CODE_22\20180206\贪心\Debug\link.read.1.tlog
E:\CODE_22\20180206\贪心\Debug\link.write.1.tlog
E:\CODE_22\20180206\贪心\Debug\vc110.idb
E:\CODE_22\20180206\贪心\Debug\vc110.pdb
E:\CODE_22\20180206\Debug\买东西.pdb
E:\CODE_22\20180206\Debug\买东西.exe
E:\CODE_22\20180206\Debug\买东西.ilk
