E:\CODE_22\20180206\B树\DEBUG\MAIN.OBJ
E:\CODE_22\20180206\B树\DEBUG\VC110.PDB
E:\CODE_22\20180206\DEBUG\B树.ILK
E:\CODE_22\20180206\DEBUG\B树.EXE
E:\CODE_22\20180206\DEBUG\B树.PDB
E:\CODE_22\20180206\B树\Debug\main.obj
E:\CODE_22\20180206\B树\Debug\cl.command.1.tlog
E:\CODE_22\20180206\B树\Debug\CL.read.1.tlog
E:\CODE_22\20180206\B树\Debug\CL.write.1.tlog
E:\CODE_22\20180206\B树\Debug\link-cvtres.read.1.tlog
E:\CODE_22\20180206\B树\Debug\link-cvtres.write.1.tlog
E:\CODE_22\20180206\B树\Debug\link-rc.read.1.tlog
E:\CODE_22\20180206\B树\Debug\link-rc.write.1.tlog
E:\CODE_22\20180206\B树\Debug\link.command.1.tlog
E:\CODE_22\20180206\B树\Debug\link.read.1.tlog
E:\CODE_22\20180206\B树\Debug\link.write.1.tlog
E:\CODE_22\20180206\B树\Debug\vc110.idb
E:\CODE_22\20180206\B树\Debug\vc110.pdb
E:\CODE_22\20180206\Debug\B树.pdb
E:\CODE_22\20180206\Debug\B树.exe
E:\CODE_22\20180206\Debug\B树.ilk
